<?xml version="1.0" encoding="UTF-8"?><testsuite errors="0" failures="0" name="com.bestbuy.crud.ProductCRUDTest" skipped="0" tests="3" time="3.73" timestamp="2020-05-26T18:26:54.945+01:00[Europe/London]"><testcase classname="com.bestbuy.crud.ProductCRUDTest" name="This test will create a new product"/><testcase classname="com.bestbuy.crud.ProductCRUDTest" name="Update the product information and verify the updated information"/><testcase classname="com.bestbuy.crud.ProductCRUDTest" name="Delete the product and verify if the product is deleted"/></testsuite>