<?xml version="1.0" encoding="UTF-8"?><testsuite errors="0" failures="0" name="com.bestbuy.crud.StoresCRUDTest" skipped="0" tests="3" time="4.52" timestamp="2020-05-26T18:27:15.504+01:00[Europe/London]"><testcase classname="com.bestbuy.crud.StoresCRUDTest" name="This test will create a new store"/><testcase classname="com.bestbuy.crud.StoresCRUDTest" name="Update the product information and verify the updated information"/><testcase classname="com.bestbuy.crud.StoresCRUDTest" name="Delete the product and verify if the product is deleted"/></testsuite>